<?xml version="1.0" encoding="UTF-8"?>
<!-- Generated by org.testng.reporters.JUnitXMLReporter -->
<testsuite ignored="0" hostname="LAPTOP-EAPMHJSF" failures="0" tests="4" name="Default test" time="174.338" errors="0" timestamp="2022-10-11T10:53:42 IST">
  <testcase classname="Ecommerce.Automation" name="LaunchChrome" time="2.033"/>
  <testcase classname="Ecommerce.Automation" name="LaunchFirefox" time="4.017"/>
  <testcase classname="Ecommerce.Automation" name="f" time="49.194"/>
  <testcase classname="Ecommerce.Automation" name="firefox" time="118.84"/>
</testsuite> <!-- Default test -->
